<?xml version="1.0" encoding="UTF-8"?>
<!-- Generated by org.testng.reporters.JUnitXMLReporter -->
<testsuite hostname="JDW10STD00199" ignored="0" name="chrometest" tests="1" failures="1" timestamp="16 May 2018 06:17:15 GMT" time="0.54" errors="0">
  <testcase name="verifyHomepageTitle" time="0.499" classname="AutomationPackage.Grid_Setup">
    <failure type="org.openqa.selenium.WebDriverException" message="Unable to parse remote response: &amp;lt;!DOCTYPE html&amp;gt;
&amp;lt;html lang=&amp;quot;en&amp;quot;&amp;gt;
&amp;lt;head&amp;gt;
  &amp;lt;meta charset=&amp;quot;UTF-8&amp;quot;&amp;gt;
  &amp;lt;link rel=&amp;quot;stylesheet&amp;quot; type=&amp;quot;text/css&amp;quot; href=&amp;quot;/assets/displayhelpservlet.css&amp;quot; media=&amp;quot;all&amp;quot;/&amp;gt;
  &amp;lt;link href=&amp;quot;/assets/favicon.ico&amp;quot; rel=&amp;quot;icon&amp;quot; type=&amp;quot;image/x-icon&amp;quot; /&amp;gt;
  &amp;lt;script src=&amp;quot;/assets/jquery-3.1.1.min.js&amp;quot; type=&amp;quot;text/javascript&amp;quot;&amp;gt;&amp;lt;/script&amp;gt;
  &amp;lt;script src=&amp;quot;/assets/displayhelpservlet.js&amp;quot; type=&amp;quot;text/javascript&amp;quot;&amp;gt;&amp;lt;/script&amp;gt;
  &amp;lt;script type=&amp;quot;text/javascript&amp;quot;&amp;gt;
    var json = Object.freeze(&amp;apos;{&amp;quot;version&amp;quot;:&amp;quot;3.5.3&amp;quot;,&amp;quot;type&amp;quot;:&amp;quot;Grid Hub&amp;quot;,&amp;quot;consoleLink&amp;quot;:&amp;quot;/grid/console&amp;quot;}&amp;apos;);
  &amp;lt;/script&amp;gt;
&amp;lt;/head&amp;gt;
&amp;lt;body&amp;gt;

&amp;lt;div id=&amp;quot;content&amp;quot;&amp;gt;
  &amp;lt;div id=&amp;quot;help-heading&amp;quot;&amp;gt;
    &amp;lt;h1&amp;gt;&amp;lt;span id=&amp;quot;logo&amp;quot;&amp;gt;&amp;lt;/span&amp;gt;&amp;lt;/h1&amp;gt;
    &amp;lt;h2&amp;gt;Selenium &amp;lt;span class=&amp;quot;se-type&amp;quot;&amp;gt;&amp;lt;/span&amp;gt;&amp;amp;nbsp;v.&amp;lt;span class=&amp;quot;se-version&amp;quot;&amp;gt;&amp;lt;/span&amp;gt;&amp;lt;/h2&amp;gt;
  &amp;lt;/div&amp;gt;

  &amp;lt;div id=&amp;quot;content-body&amp;quot;&amp;gt;
    &amp;lt;p&amp;gt;
      Whoops! The URL specified routes to this help page.
    &amp;lt;/p&amp;gt;
    &amp;lt;p&amp;gt;
      For more information about Selenium &amp;lt;span class=&amp;quot;se-type&amp;quot;&amp;gt;&amp;lt;/span&amp;gt; please see the
      &amp;lt;a class=&amp;quot;se-docs&amp;quot;&amp;gt;docs&amp;lt;/a&amp;gt; and/or visit the &amp;lt;a class=&amp;quot;se-wiki&amp;quot;&amp;gt;wiki&amp;lt;/a&amp;gt;.
      &amp;lt;span id=&amp;quot;console-item&amp;quot;&amp;gt;
        Or perhaps you are looking for the Selenium &amp;lt;span class=&amp;quot;se-type&amp;quot;&amp;gt;&amp;lt;/span&amp;gt; &amp;lt;a class=&amp;quot;se-console&amp;quot;&amp;gt;console&amp;lt;/a&amp;gt;.
      &amp;lt;/span&amp;gt;
    &amp;lt;/p&amp;gt;
    &amp;lt;p&amp;gt;
      Happy Testing!
    &amp;lt;/p&amp;gt;
  &amp;lt;/div&amp;gt;

  &amp;lt;div&amp;gt;
    &amp;lt;footer id=&amp;quot;help-footer&amp;quot;&amp;gt;
      Selenium is made possible through the efforts of our open source community, contributions from
      these &amp;lt;a href=&amp;quot;https://github.com/SeleniumHQ/selenium/blob/master/AUTHORS&amp;quot;&amp;gt;people&amp;lt;/a&amp;gt;, and our
      &amp;lt;a href=&amp;quot;http://www.seleniumhq.org/sponsors/&amp;quot;&amp;gt;sponsors&amp;lt;/a&amp;gt;.
   &amp;lt;/footer&amp;gt;
  &amp;lt;/div&amp;gt;
 &amp;lt;/div&amp;gt;

&amp;lt;/body&amp;gt;
&amp;lt;/html&amp;gt;
Build info: version: &amp;apos;3.9.1&amp;apos;, revision: &amp;apos;63f7b50&amp;apos;, time: &amp;apos;2018-02-07T22:42:28.403Z&amp;apos;
System info: host: &amp;apos;JDW10STD00199&amp;apos;, ip: &amp;apos;192.168.56.1&amp;apos;, os.name: &amp;apos;Windows 10&amp;apos;, os.arch: &amp;apos;amd64&amp;apos;, os.version: &amp;apos;10.0&amp;apos;, java.version: &amp;apos;1.8.0_101&amp;apos;
Driver info: driver.version: RemoteWebDriver">
      <![CDATA[org.openqa.selenium.WebDriverException: Unable to parse remote response: <!DOCTYPE html>
<html lang="en">
<head>
  <meta charset="UTF-8">
  <link rel="stylesheet" type="text/css" href="/assets/displayhelpservlet.css" media="all"/>
  <link href="/assets/favicon.ico" rel="icon" type="image/x-icon" />
  <script src="/assets/jquery-3.1.1.min.js" type="text/javascript"></script>
  <script src="/assets/displayhelpservlet.js" type="text/javascript"></script>
  <script type="text/javascript">
    var json = Object.freeze('{"version":"3.5.3","type":"Grid Hub","consoleLink":"/grid/console"}');
  </script>
</head>
<body>

<div id="content">
  <div id="help-heading">
    <h1><span id="logo"></span></h1>
    <h2>Selenium <span class="se-type"></span>&nbsp;v.<span class="se-version"></span></h2>
  </div>

  <div id="content-body">
    <p>
      Whoops! The URL specified routes to this help page.
    </p>
    <p>
      For more information about Selenium <span class="se-type"></span> please see the
      <a class="se-docs">docs</a> and/or visit the <a class="se-wiki">wiki</a>.
      <span id="console-item">
        Or perhaps you are looking for the Selenium <span class="se-type"></span> <a class="se-console">console</a>.
      </span>
    </p>
    <p>
      Happy Testing!
    </p>
  </div>

  <div>
    <footer id="help-footer">
      Selenium is made possible through the efforts of our open source community, contributions from
      these <a href="https://github.com/SeleniumHQ/selenium/blob/master/AUTHORS">people</a>, and our
      <a href="http://www.seleniumhq.org/sponsors/">sponsors</a>.
   </footer>
  </div>
 </div>

</body>
</html>
Build info: version: '3.9.1', revision: '63f7b50', time: '2018-02-07T22:42:28.403Z'
System info: host: 'JDW10STD00199', ip: '192.168.56.1', os.name: 'Windows 10', os.arch: 'amd64', os.version: '10.0', java.version: '1.8.0_101'
Driver info: driver.version: RemoteWebDriver
	at org.openqa.selenium.remote.ProtocolHandshake.createSession(ProtocolHandshake.java:111)
	at org.openqa.selenium.remote.ProtocolHandshake.createSession(ProtocolHandshake.java:73)
	at org.openqa.selenium.remote.HttpCommandExecutor.execute(HttpCommandExecutor.java:138)
	at org.openqa.selenium.remote.RemoteWebDriver.execute(RemoteWebDriver.java:601)
	at org.openqa.selenium.remote.RemoteWebDriver.startSession(RemoteWebDriver.java:219)
	at org.openqa.selenium.remote.RemoteWebDriver.<init>(RemoteWebDriver.java:142)
	at org.openqa.selenium.remote.RemoteWebDriver.<init>(RemoteWebDriver.java:155)
	at AutomationPackage.Grid_Setup.verifyHomepageTitle(Grid_Setup.java:41)
	at java.util.concurrent.ThreadPoolExecutor.runWorker(ThreadPoolExecutor.java:1142)
	at java.util.concurrent.ThreadPoolExecutor$Worker.run(ThreadPoolExecutor.java:617)
	at java.lang.Thread.run(Thread.java:745)
... Removed 10 stack frames]]>
    </failure>
  </testcase> <!-- verifyHomepageTitle -->
</testsuite> <!-- chrometest -->
