<?xml version="1.0" encoding="UTF-8"?>
<testng-results skipped="0" failed="0" ignored="0" total="1" passed="1">
  <reporter-output>
  </reporter-output>
  <suite name="Default suite" duration-ms="53" started-at="2020-07-21T16:12:55 IST" finished-at="2020-07-21T16:12:55 IST">
    <groups>
    </groups>
    <test name="Default test" duration-ms="53" started-at="2020-07-21T16:12:55 IST" finished-at="2020-07-21T16:12:55 IST">
      <class name="TestVagrant.TestVagrant.Tests.WeatherReportUITest">
        <test-method status="PASS" signature="getWeatherDetailsUI()[pri:0, instance:TestVagrant.TestVagrant.Tests.WeatherReportUITest@11438d26]" name="getWeatherDetailsUI" duration-ms="8" started-at="2020-07-21T16:12:55 IST" finished-at="2020-07-21T16:12:55 IST">
          <reporter-output>
          </reporter-output>
        </test-method> <!-- getWeatherDetailsUI -->
      </class> <!-- TestVagrant.TestVagrant.Tests.WeatherReportUITest -->
    </test> <!-- Default test -->
  </suite> <!-- Default suite -->
</testng-results>
