<?xml version="1.0" encoding="UTF-8"?>
<testng-results skipped="0" failed="1" ignored="0" total="1" passed="0">
  <reporter-output>
  </reporter-output>
  <suite name="Default suite" duration-ms="489" started-at="2018-05-16T06:30:39Z" finished-at="2018-05-16T06:30:40Z">
    <groups>
    </groups>
    <test name="Default test" duration-ms="489" started-at="2018-05-16T06:30:39Z" finished-at="2018-05-16T06:30:40Z">
      <class name="AutomationPackage.Grid_Setup">
        <test-method status="FAIL" signature="verifyHomepageTitle()[pri:0, instance:AutomationPackage.Grid_Setup@6d78f375]" name="verifyHomepageTitle" duration-ms="466" started-at="2018-05-16T07:30:39Z" finished-at="2018-05-16T07:30:40Z">
          <exception class="org.openqa.selenium.WebDriverException">
            <message>
              <![CDATA[Unable to parse remote response: <!DOCTYPE html>
<html lang="en">
<head>
  <meta charset="UTF-8">
  <link rel="stylesheet" type="text/css" href="/assets/displayhelpservlet.css" media="all"/>
  <link href="/assets/favicon.ico" rel="icon" type="image/x-icon" />
  <script src="/assets/jquery-3.1.1.min.js" type="text/javascript"></script>
  <script src="/assets/displayhelpservlet.js" type="text/javascript"></script>
  <script type="text/javascript">
    var json = Object.freeze('{"version":"3.9.1","type":"Grid Hub","consoleLink":"/grid/console"}');
  </script>
</head>
<body>

<div id="content">
  <div id="help-heading">
    <h1><span id="logo"></span></h1>
    <h2>Selenium <span class="se-type"></span>&nbsp;v.<span class="se-version"></span></h2>
  </div>

  <div id="content-body">
    <p>
      Whoops! The URL specified routes to this help page.
    </p>
    <p>
      For more information about Selenium <span class="se-type"></span> please see the
      <a class="se-docs">docs</a> and/or visit the <a class="se-wiki">wiki</a>.
      <span id="console-item">
        Or perhaps you are looking for the Selenium <span class="se-type"></span> <a class="se-console">console</a>.
      </span>
    </p>
    <p>
      Happy Testing!
    </p>
  </div>

  <div>
    <footer id="help-footer">
      Selenium is made possible through the efforts of our open source community, contributions from
      these <a href="https://github.com/SeleniumHQ/selenium/blob/master/AUTHORS">people</a>, and our
      <a href="http://www.seleniumhq.org/sponsors/">sponsors</a>.
   </footer>
  </div>
 </div>

</body>
</html>
Build info: version: '3.9.1', revision: '63f7b50', time: '2018-02-07T22:42:28.403Z'
System info: host: 'JDW10STD00199', ip: '192.168.56.1', os.name: 'Windows 10', os.arch: 'amd64', os.version: '10.0', java.version: '1.8.0_101'
Driver info: driver.version: RemoteWebDriver]]>
            </message>
            <full-stacktrace>
              <![CDATA[org.openqa.selenium.WebDriverException: Unable to parse remote response: <!DOCTYPE html>
<html lang="en">
<head>
  <meta charset="UTF-8">
  <link rel="stylesheet" type="text/css" href="/assets/displayhelpservlet.css" media="all"/>
  <link href="/assets/favicon.ico" rel="icon" type="image/x-icon" />
  <script src="/assets/jquery-3.1.1.min.js" type="text/javascript"></script>
  <script src="/assets/displayhelpservlet.js" type="text/javascript"></script>
  <script type="text/javascript">
    var json = Object.freeze('{"version":"3.9.1","type":"Grid Hub","consoleLink":"/grid/console"}');
  </script>
</head>
<body>

<div id="content">
  <div id="help-heading">
    <h1><span id="logo"></span></h1>
    <h2>Selenium <span class="se-type"></span>&nbsp;v.<span class="se-version"></span></h2>
  </div>

  <div id="content-body">
    <p>
      Whoops! The URL specified routes to this help page.
    </p>
    <p>
      For more information about Selenium <span class="se-type"></span> please see the
      <a class="se-docs">docs</a> and/or visit the <a class="se-wiki">wiki</a>.
      <span id="console-item">
        Or perhaps you are looking for the Selenium <span class="se-type"></span> <a class="se-console">console</a>.
      </span>
    </p>
    <p>
      Happy Testing!
    </p>
  </div>

  <div>
    <footer id="help-footer">
      Selenium is made possible through the efforts of our open source community, contributions from
      these <a href="https://github.com/SeleniumHQ/selenium/blob/master/AUTHORS">people</a>, and our
      <a href="http://www.seleniumhq.org/sponsors/">sponsors</a>.
   </footer>
  </div>
 </div>

</body>
</html>
Build info: version: '3.9.1', revision: '63f7b50', time: '2018-02-07T22:42:28.403Z'
System info: host: 'JDW10STD00199', ip: '192.168.56.1', os.name: 'Windows 10', os.arch: 'amd64', os.version: '10.0', java.version: '1.8.0_101'
Driver info: driver.version: RemoteWebDriver
	at org.openqa.selenium.remote.ProtocolHandshake.createSession(ProtocolHandshake.java:111)
	at org.openqa.selenium.remote.ProtocolHandshake.createSession(ProtocolHandshake.java:73)
	at org.openqa.selenium.remote.HttpCommandExecutor.execute(HttpCommandExecutor.java:138)
	at org.openqa.selenium.remote.RemoteWebDriver.execute(RemoteWebDriver.java:601)
	at org.openqa.selenium.remote.RemoteWebDriver.startSession(RemoteWebDriver.java:219)
	at org.openqa.selenium.remote.RemoteWebDriver.<init>(RemoteWebDriver.java:142)
	at org.openqa.selenium.remote.RemoteWebDriver.<init>(RemoteWebDriver.java:155)
	at AutomationPackage.Grid_Setup.verifyHomepageTitle(Grid_Setup.java:36)
	at sun.reflect.NativeMethodAccessorImpl.invoke0(Native Method)
	at sun.reflect.NativeMethodAccessorImpl.invoke(NativeMethodAccessorImpl.java:62)
	at sun.reflect.DelegatingMethodAccessorImpl.invoke(DelegatingMethodAccessorImpl.java:43)
	at java.lang.reflect.Method.invoke(Method.java:498)
	at org.testng.internal.MethodInvocationHelper.invokeMethod(MethodInvocationHelper.java:108)
	at org.testng.internal.Invoker.invokeMethod(Invoker.java:669)
	at org.testng.internal.Invoker.invokeTestMethod(Invoker.java:877)
	at org.testng.internal.Invoker.invokeTestMethods(Invoker.java:1201)
	at org.testng.internal.TestMethodWorker.invokeTestMethods(TestMethodWorker.java:125)
	at org.testng.internal.TestMethodWorker.run(TestMethodWorker.java:109)
	at org.testng.TestRunner.privateRun(TestRunner.java:776)
	at org.testng.TestRunner.run(TestRunner.java:634)
	at org.testng.SuiteRunner.runTest(SuiteRunner.java:425)
	at org.testng.SuiteRunner.runSequentially(SuiteRunner.java:420)
	at org.testng.SuiteRunner.privateRun(SuiteRunner.java:385)
	at org.testng.SuiteRunner.run(SuiteRunner.java:334)
	at org.testng.SuiteRunnerWorker.runSuite(SuiteRunnerWorker.java:52)
	at org.testng.SuiteRunnerWorker.run(SuiteRunnerWorker.java:86)
	at org.testng.TestNG.runSuitesSequentially(TestNG.java:1318)
	at org.testng.TestNG.runSuitesLocally(TestNG.java:1243)
	at org.testng.TestNG.runSuites(TestNG.java:1161)
	at org.testng.TestNG.run(TestNG.java:1129)
	at org.testng.remote.AbstractRemoteTestNG.run(AbstractRemoteTestNG.java:114)
	at org.testng.remote.RemoteTestNG.initAndRun(RemoteTestNG.java:251)
	at org.testng.remote.RemoteTestNG.main(RemoteTestNG.java:77)
]]>
            </full-stacktrace>
          </exception> <!-- org.openqa.selenium.WebDriverException -->
          <reporter-output>
          </reporter-output>
        </test-method> <!-- verifyHomepageTitle -->
      </class> <!-- AutomationPackage.Grid_Setup -->
    </test> <!-- Default test -->
  </suite> <!-- Default suite -->
</testng-results>
